INFO:  latexindent.EXE version 3.21.1, 2023-05-20, a script to indent .tex files
       latexindent.EXE lives here: C:/texlive/2023/bin/windows/
       Fri Jan 16 20:20:44 2026
       Reading input from STDIN
INFO:  Processing switches:
INFO:  Directory for backup files and indent.log:
       .
INFO:  YAML settings read: defaultSettings.yaml
       Reading defaultSettings.yaml from C:/texlive/2023/bin/windows/defaultSettings.yaml
       Reading defaultSettings.yaml (2nd attempt) from C:/texlive/2023/bin/windows/../../texmf-dist/scripts/latexindent/defaultSettings.yaml
       and then, if necessary, C:/texlive/2023/bin/windows/LatexIndent/defaultSettings.yaml
INFO:  YAML reading settings
       Home directory is C:\Users\user
       latexindent.pl didn't find indentconfig.yaml or .indentconfig.yaml
       see all possible locations: https://latexindentpl.readthedocs.io/en/latest/sec-appendices.html#indentconfig-options)
INFO:  Phase 1: searching for objects
INFO:  Phase 2: finding surrounding indentation
INFO:  Phase 3: indenting objects
INFO:  Phase 4: final indentation check
INFO:  Output routine:
       Not outputting to file; see -w and -o switches for more options.
       --------------
INFO:  Please direct all communication/issues to:
        https://github.com/cmhughes/latexindent.pl
